<?xml version="1.0" encoding="UTF-8"?>
<testng-results skipped="0" failed="0" total="1" passed="1">
  <reporter-output>
  </reporter-output>
  <suite name="Default suite" duration-ms="32231" started-at="2019-04-13T12:57:59Z" finished-at="2019-04-13T12:58:31Z">
    <groups>
    </groups>
    <test name="Default test" duration-ms="32231" started-at="2019-04-13T12:57:59Z" finished-at="2019-04-13T12:58:31Z">
      <class name="com.N11.TestN11">
        <test-method status="PASS" signature="launchBrowser()[pri:0, instance:com.N11.TestN11@5c3bd550]" name="launchBrowser" is-config="true" duration-ms="10510" started-at="2019-04-13T15:57:59Z" finished-at="2019-04-13T15:58:09Z">
          <reporter-output>
          </reporter-output>
        </test-method> <!-- launchBrowser -->
        <test-method status="PASS" signature="N11ProductSearch()[pri:0, instance:com.N11.TestN11@5c3bd550]" name="N11ProductSearch" duration-ms="21482" started-at="2019-04-13T15:58:09Z" finished-at="2019-04-13T15:58:31Z">
          <reporter-output>
          </reporter-output>
        </test-method> <!-- N11ProductSearch -->
        <test-method status="PASS" signature="terminateBrowser()[pri:0, instance:com.N11.TestN11@5c3bd550]" name="terminateBrowser" is-config="true" duration-ms="211" started-at="2019-04-13T15:58:31Z" finished-at="2019-04-13T15:58:31Z">
          <reporter-output>
          </reporter-output>
        </test-method> <!-- terminateBrowser -->
      </class> <!-- com.N11.TestN11 -->
    </test> <!-- Default test -->
  </suite> <!-- Default suite -->
</testng-results>
